#
# A fatal error has been detected by the Java Runtime Environment:
#
#  EXCEPTION_ACCESS_VIOLATION (0xc0000005) at pc=0x00007ffe6f8f7370, pid=27340, tid=0x000000000000d7b8
#
# JRE version: Java(TM) SE Runtime Environment (8.0_201-b09) (build 1.8.0_201-b09)
# Java VM: Java HotSpot(TM) 64-Bit Server VM (25.201-b09 mixed mode windows-amd64 compressed oops)
# Problematic frame:
# C  [ig9icd64.dll+0x157370]
#
# Failed to write core dump. Minidumps are not enabled by default on client versions of Windows
#
# If you would like to submit a bug report, please visit:
#   http://bugreport.java.com/bugreport/crash.jsp
# The crash happened outside the Java Virtual Machine in native code.
# See problematic frame for where to report the bug.
#

---------------  T H R E A D  ---------------

Current thread (0x0000000003093800):  JavaThread "main" [_thread_in_native, id=55224, stack(0x0000000002f90000,0x0000000003090000)]

siginfo: ExceptionCode=0xc0000005, reading address 0x000000002648a000

Registers:
RAX=0x000000000000183e, RBX=0x000000000308e410, RCX=0x0000000000000000, RDX=0x0000000026489fa0
RSP=0x000000000308e320, RBP=0x000000000308e480, RSI=0x0000000023540000, RDI=0x0000000023601f00
R8 =0x0000000000100000, R9 =0x0000000000002000, R10=0x000000000000183f, R11=0x00000000242fdb64
R12=0x0000000000000000, R13=0x000000000308e5a0, R14=0x0000000000000200, R15=0x00000000000001c1
RIP=0x00007ffe6f8f7370, EFLAGS=0x0000000000010207

Top of Stack: (sp=0x000000000308e320)
0x000000000308e320:   cafebabecafebabe 0000000000000000
0x000000000308e330:   0000000000000000 0000000000000000
0x000000000308e340:   00000000263c80a0 00007ffe6fc9795c
0x000000000308e350:   000000000308e500 00000000263c80a0
0x000000000308e360:   00007ffe6fc97600 000000000308e5a0
0x000000000308e370:   0000000000000000 00007ffe6fc9a2a3
0x000000000308e380:   000000000308e480 000000000308e560
0x000000000308e390:   0000000023540000 00007ffe6fc98910
0x000000000308e3a0:   80000b0040000049 0000000000000001
0x000000000308e3b0:   00000000263c80a0 0000000000000000
0x000000000308e3c0:   0000000000000000 00007ffe6f7c436b
0x000000000308e3d0:   00000000262da830 0000000000000001
0x000000000308e3e0:   00000000012fadd0 0000000000000001
0x000000000308e3f0:   0000000000000001 0000000000000000
0x000000000308e400:   000000000308e400 00000000012adff0
0x000000000308e410:   00007ffe70305ca0 00000000242e4e80 

Instructions: (pc=0x00007ffe6f8f7370)
0x00007ffe6f8f7350:   f3 0f 6f 3a 41 ff c2 f3 0f 6f 72 10 f3 0f 6f 6a
0x00007ffe6f8f7360:   20 f3 0f 6f 62 30 f3 0f 6f 5a 40 f3 0f 6f 52 50
0x00007ffe6f8f7370:   f3 0f 6f 4a 60 f3 0f 6f 42 70 48 83 ea 80 66 0f
0x00007ffe6f8f7380:   e7 3f 66 0f e7 77 10 66 0f e7 6f 20 66 0f e7 67 


Register to memory mapping:

RAX=0x000000000000183e is an unknown value
RBX=0x000000000308e410 is pointing into the stack for thread: 0x0000000003093800
RCX=0x0000000000000000 is an unknown value
RDX=0x0000000026489fa0 is an unknown value
RSP=0x000000000308e320 is pointing into the stack for thread: 0x0000000003093800
RBP=0x000000000308e480 is pointing into the stack for thread: 0x0000000003093800
RSI=0x0000000023540000 is an unknown value
RDI=0x0000000023601f00 is an unknown value
R8 =0x0000000000100000 is an unknown value
R9 =0x0000000000002000 is an unknown value
R10=0x000000000000183f is an unknown value
R11=0x00000000242fdb64 is an unknown value
R12=0x0000000000000000 is an unknown value
R13=0x000000000308e5a0 is pointing into the stack for thread: 0x0000000003093800
R14=0x0000000000000200 is an unknown value
R15=0x00000000000001c1 is an unknown value


Stack: [0x0000000002f90000,0x0000000003090000],  sp=0x000000000308e320,  free space=1016k
Native frames: (J=compiled Java code, j=interpreted, Vv=VM code, C=native code)
C  [ig9icd64.dll+0x157370]
C  [ig9icd64.dll+0x4f795c]
C  [ig9icd64.dll+0x4fa2a3]
C  [ig9icd64.dll+0x4ff938]
C  [ig9icd64.dll+0x39f3af]
C  [ig9icd64.dll+0x35aa9a]
C  [ig9icd64.dll+0x1b4428]
C  [ig9icd64.dll+0x1aa4a3]
C  [ig9icd64.dll+0x1a741d]
C  [ig9icd64.dll+0xecd03]
C  [opengl32.dll+0x2e014]
C  [lwjgl_opengl.dll+0xcab5]
C  0x00000000031a8c67

Java frames: (J=compiled Java code, j=interpreted, Vv=VM code)
j  org.lwjgl.opengl.GL11C.nglTexImage2D(IIIIIIIIJ)V+0
j  org.lwjgl.opengl.GL11C.glTexImage2D(IIIIIIIILjava/nio/ByteBuffer;)V+17
j  org.lwjgl.opengl.GL11.glTexImage2D(IIIIIIIILjava/nio/ByteBuffer;)V+14
j  io.github.hydos.ginger.renderEngine.texture.ModelTexture.<init>(Ljava/lang/String;)V+124
j  io.github.hydos.ginger.utils.Loader.loadTexture(Ljava/lang/String;)I+5
j  io.github.hydos.ginger.renderEngine.renderers.WaterRenderer.<init>(Lio/github/hydos/ginger/renderEngine/shaders/WaterShader;Lio/github/hydos/ginger/mathEngine/matrixes/Matrix4f;Lio/github/hydos/ginger/water/WaterFrameBuffers;)V+22
j  io.github.hydos.ginger.renderEngine.renderers.MasterRenderer.<init>()V+159
j  io.github.hydos.ginger.Example.main([Ljava/lang/String;)V+27
j  io.github.hydos.ginger.Starter.main([Ljava/lang/String;)V+8
v  ~StubRoutines::call_stub

---------------  P R O C E S S  ---------------

Java Threads: ( => current thread )
  0x000000001958f800 JavaThread "Service Thread" daemon [_thread_blocked, id=67772, stack(0x0000000019b70000,0x0000000019c70000)]
  0x000000001957a800 JavaThread "C1 CompilerThread2" daemon [_thread_blocked, id=70376, stack(0x0000000019a70000,0x0000000019b70000)]
  0x0000000017d6e000 JavaThread "C2 CompilerThread1" daemon [_thread_blocked, id=36704, stack(0x0000000019970000,0x0000000019a70000)]
  0x0000000017d1b000 JavaThread "C2 CompilerThread0" daemon [_thread_blocked, id=70296, stack(0x0000000019470000,0x0000000019570000)]
  0x0000000017d16800 JavaThread "Attach Listener" daemon [_thread_blocked, id=72360, stack(0x0000000019370000,0x0000000019470000)]
  0x0000000017d15000 JavaThread "Signal Dispatcher" daemon [_thread_blocked, id=38732, stack(0x0000000019270000,0x0000000019370000)]
  0x000000000318c800 JavaThread "Finalizer" daemon [_thread_blocked, id=73512, stack(0x0000000018f70000,0x0000000019070000)]
  0x0000000003184000 JavaThread "Reference Handler" daemon [_thread_blocked, id=70956, stack(0x0000000018e70000,0x0000000018f70000)]
=>0x0000000003093800 JavaThread "main" [_thread_in_native, id=55224, stack(0x0000000002f90000,0x0000000003090000)]

Other Threads:
  0x0000000017cd7000 VMThread [stack: 0x0000000018d70000,0x0000000018e70000] [id=72484]
  0x0000000019592000 WatcherThread [stack: 0x0000000019c70000,0x0000000019d70000] [id=67712]

VM state:not at safepoint (normal execution)

VM Mutex/Monitor currently owned by a thread: None

heap address: 0x0000000081200000, size: 2030 MB, Compressed Oops mode: 32-bit
Narrow klass base: 0x0000000000000000, Narrow klass shift: 3
Compressed class space size: 1073741824 Address: 0x0000000100000000

Heap:
 PSYoungGen      total 38400K, used 15792K [0x00000000d5b80000, 0x00000000d8600000, 0x0000000100000000)
  eden space 33280K, 47% used [0x00000000d5b80000,0x00000000d6aec198,0x00000000d7c00000)
  from space 5120K, 0% used [0x00000000d8100000,0x00000000d8100000,0x00000000d8600000)
  to   space 5120K, 0% used [0x00000000d7c00000,0x00000000d7c00000,0x00000000d8100000)
 ParOldGen       total 87552K, used 0K [0x0000000081200000, 0x0000000086780000, 0x00000000d5b80000)
  object space 87552K, 0% used [0x0000000081200000,0x0000000081200000,0x0000000086780000)
 Metaspace       used 9052K, capacity 9267K, committed 9600K, reserved 1058816K
  class space    used 769K, capacity 845K, committed 896K, reserved 1048576K

Card table byte_map: [0x0000000012550000,0x0000000012950000] byte_map_base: 0x0000000012147000

Marking Bits: (ParMarkBitMap*) 0x0000000054c84ce0
 Begin Bits: [0x0000000013000000, 0x0000000014fb8000)
 End Bits:   [0x0000000014fb8000, 0x0000000016f70000)

Polling page: 0x0000000001220000

CodeCache: size=245760Kb used=2900Kb max_used=2914Kb free=242859Kb
 bounds [0x0000000003190000, 0x0000000003470000, 0x0000000012190000]
 total_blobs=1573 nmethods=688 adapters=798
 compilation: enabled

Compilation events (10 events):
Event: 1.997 Thread 0x000000001957a800  683       3       java.nio.DirectByteBuffer::put (126 bytes)
Event: 1.998 Thread 0x000000001957a800 nmethod 683 0x000000000345fe90 code [0x0000000003460060, 0x0000000003460808]
Event: 1.998 Thread 0x000000001957a800  684       3       java.io.BufferedInputStream::fill (233 bytes)
Event: 2.000 Thread 0x000000001957a800 nmethod 684 0x0000000003460b50 code [0x0000000003460dc0, 0x0000000003461cb8]
Event: 2.018 Thread 0x000000001957a800  685  s    3       java.io.BufferedInputStream::available (35 bytes)
Event: 2.019 Thread 0x000000001957a800 nmethod 685 0x00000000034621d0 code [0x0000000003462360, 0x0000000003462898]
Event: 2.119 Thread 0x000000001957a800  686       3       java.util.WeakHashMap::put (162 bytes)
Event: 2.121 Thread 0x000000001957a800 nmethod 686 0x0000000003462a50 code [0x0000000003462c80, 0x0000000003463b18]
Event: 2.172 Thread 0x0000000017d6e000  688   !   4       java.io.BufferedReader::readLine (304 bytes)
Event: 2.194 Thread 0x0000000017d6e000 nmethod 688 0x0000000003468010 code [0x00000000034681c0, 0x0000000003469038]

GC Heap History (0 events):
No events

Deoptimization events (1 events):
Event: 0.615 Thread 0x0000000003093800 Uncommon trap: reason=unstable_if action=reinterpret pc=0x000000000333ffa0 method=java.lang.String.indexOf([CII[CIII)I @ 3

Classes redefined (0 events):
No events

Internal exceptions (10 events):
Event: 0.048 Thread 0x0000000003093800 Exception <a 'java/lang/NoSuchMethodError': Method sun.misc.Unsafe.prefetchRead(Ljava/lang/Object;J)V name or signature does not match> (0x00000000d5b87f98) thrown at [C:\re\workspace\8-2-build-windows-amd64-cygwin\jdk8u201\12322\hotspot\src\share\vm\prim
Event: 0.373 Thread 0x0000000003093800 Exception <a 'java/lang/NoSuchMethodError': java.lang.Object.lambda$static$0(Ljava/lang/String;)Ljava/lang/Boolean;> (0x00000000d5dba520) thrown at [C:\re\workspace\8-2-build-windows-amd64-cygwin\jdk8u201\12322\hotspot\src\share\vm\interpreter\linkResolve
Event: 0.414 Thread 0x0000000003093800 Exception <a 'java/lang/NoSuchFieldError': method resolution failed> (0x00000000d5e32340) thrown at [C:\re\workspace\8-2-build-windows-amd64-cygwin\jdk8u201\12322\hotspot\src\share\vm\prims\methodHandles.cpp, line 1167]
Event: 0.423 Thread 0x0000000003093800 Exception <a 'java/lang/NoSuchFieldError': method resolution failed> (0x00000000d5e3f740) thrown at [C:\re\workspace\8-2-build-windows-amd64-cygwin\jdk8u201\12322\hotspot\src\share\vm\prims\methodHandles.cpp, line 1167]
Event: 0.508 Thread 0x0000000003093800 Exception <a 'java/security/PrivilegedActionException'> (0x00000000d5f867e0) thrown at [C:\re\workspace\8-2-build-windows-amd64-cygwin\jdk8u201\12322\hotspot\src\share\vm\prims\jvm.cpp, line 1502]
Event: 0.508 Thread 0x0000000003093800 Exception <a 'java/security/PrivilegedActionException'> (0x00000000d5f869f0) thrown at [C:\re\workspace\8-2-build-windows-amd64-cygwin\jdk8u201\12322\hotspot\src\share\vm\prims\jvm.cpp, line 1502]
Event: 0.509 Thread 0x0000000003093800 Exception <a 'java/security/PrivilegedActionException'> (0x00000000d5f8a900) thrown at [C:\re\workspace\8-2-build-windows-amd64-cygwin\jdk8u201\12322\hotspot\src\share\vm\prims\jvm.cpp, line 1502]
Event: 0.510 Thread 0x0000000003093800 Exception <a 'java/security/PrivilegedActionException'> (0x00000000d5f8ab10) thrown at [C:\re\workspace\8-2-build-windows-amd64-cygwin\jdk8u201\12322\hotspot\src\share\vm\prims\jvm.cpp, line 1502]
Event: 1.315 Thread 0x0000000003093800 Exception <a 'sun/nio/fs/WindowsException'> (0x00000000d62417d0) thrown at [C:\re\workspace\8-2-build-windows-amd64-cygwin\jdk8u201\12322\hotspot\src\share\vm\prims\jni.cpp, line 709]
Event: 1.315 Thread 0x0000000003093800 Exception <a 'sun/nio/fs/WindowsException'> (0x00000000d6241fb8) thrown at [C:\re\workspace\8-2-build-windows-amd64-cygwin\jdk8u201\12322\hotspot\src\share\vm\prims\jni.cpp, line 709]

Events (10 events):
Event: 2.119 loading class org/lwjgl/opengl/GL32C
Event: 2.119 loading class org/lwjgl/opengl/GL32C done
Event: 2.120 loading class org/lwjgl/opengl/GL31C
Event: 2.120 loading class org/lwjgl/opengl/GL31C done
Event: 2.170 loading class io/github/hydos/ginger/renderEngine/shaders/WaterShader
Event: 2.170 loading class io/github/hydos/ginger/renderEngine/shaders/WaterShader done
Event: 2.201 loading class io/github/hydos/ginger/renderEngine/renderers/WaterRenderer
Event: 2.201 loading class io/github/hydos/ginger/renderEngine/renderers/WaterRenderer done
Event: 2.202 loading class io/github/hydos/ginger/renderEngine/texture/ModelTexture
Event: 2.202 loading class io/github/hydos/ginger/renderEngine/texture/ModelTexture done


Dynamic libraries:
0x00007ff696ca0000 - 0x00007ff696cd7000 	C:\Program Files\Java\jdk1.8.0_201\bin\javaw.exe
0x00007ffedc730000 - 0x00007ffedc91d000 	C:\WINDOWS\SYSTEM32\ntdll.dll
0x00007ffedb680000 - 0x00007ffedb733000 	C:\WINDOWS\System32\KERNEL32.DLL
0x00007ffed95e0000 - 0x00007ffed9873000 	C:\WINDOWS\System32\KERNELBASE.dll
0x00007ffed9960000 - 0x00007ffed9a03000 	C:\WINDOWS\System32\ADVAPI32.dll
0x00007ffedb430000 - 0x00007ffedb4ce000 	C:\WINDOWS\System32\msvcrt.dll
0x00007ffedafd0000 - 0x00007ffedb06e000 	C:\WINDOWS\System32\sechost.dll
0x00007ffedbc90000 - 0x00007ffedbdb2000 	C:\WINDOWS\System32\RPCRT4.dll
0x00007ffedb7c0000 - 0x00007ffedb957000 	C:\WINDOWS\System32\USER32.dll
0x00007ffed8800000 - 0x00007ffed8820000 	C:\WINDOWS\System32\win32u.dll
0x00007ffedbdc0000 - 0x00007ffedbde9000 	C:\WINDOWS\System32\GDI32.dll
0x00007ffed8820000 - 0x00007ffed89ba000 	C:\WINDOWS\System32\gdi32full.dll
0x00007ffed89c0000 - 0x00007ffed8a60000 	C:\WINDOWS\System32\msvcp_win.dll
0x00007ffed9280000 - 0x00007ffed937a000 	C:\WINDOWS\System32\ucrtbase.dll
0x00007ffec64f0000 - 0x00007ffec6769000 	C:\WINDOWS\WinSxS\amd64_microsoft.windows.common-controls_6595b64144ccf1df_6.0.17763.437_none_05b63dca071e5dd6\COMCTL32.dll
0x00007ffedb960000 - 0x00007ffedbc8c000 	C:\WINDOWS\System32\combase.dll
0x00007ffed9560000 - 0x00007ffed95de000 	C:\WINDOWS\System32\bcryptPrimitives.dll
0x00007ffedb2b0000 - 0x00007ffedb2de000 	C:\WINDOWS\System32\IMM32.DLL
0x0000000054d10000 - 0x0000000054de1000 	C:\Program Files\Java\jdk1.8.0_201\jre\bin\msvcr100.dll
0x0000000054460000 - 0x0000000054d04000 	C:\Program Files\Java\jdk1.8.0_201\jre\bin\server\jvm.dll
0x00007ffedb3b0000 - 0x00007ffedb3b8000 	C:\WINDOWS\System32\PSAPI.DLL
0x00007ffec3050000 - 0x00007ffec3059000 	C:\WINDOWS\SYSTEM32\WSOCK32.dll
0x00007ffedb600000 - 0x00007ffedb66d000 	C:\WINDOWS\System32\WS2_32.dll
0x00007ffeca990000 - 0x00007ffeca99a000 	C:\WINDOWS\SYSTEM32\VERSION.dll
0x00007ffed68b0000 - 0x00007ffed68d4000 	C:\WINDOWS\SYSTEM32\WINMM.dll
0x00007ffed6850000 - 0x00007ffed687d000 	C:\WINDOWS\SYSTEM32\WINMMBASE.dll
0x00007ffed91b0000 - 0x00007ffed91fa000 	C:\WINDOWS\System32\cfgmgr32.dll
0x00007ffed68e0000 - 0x00007ffed68ef000 	C:\Program Files\Java\jdk1.8.0_201\jre\bin\verify.dll
0x00007ffed00e0000 - 0x00007ffed0109000 	C:\Program Files\Java\jdk1.8.0_201\jre\bin\java.dll
0x00007ffecf070000 - 0x00007ffecf086000 	C:\Program Files\Java\jdk1.8.0_201\jre\bin\zip.dll
0x00007ffed9a10000 - 0x00007ffedaf00000 	C:\WINDOWS\System32\SHELL32.dll
0x00007ffedb2e0000 - 0x00007ffedb388000 	C:\WINDOWS\System32\shcore.dll
0x00007ffed8a60000 - 0x00007ffed91aa000 	C:\WINDOWS\System32\windows.storage.dll
0x00007ffed87d0000 - 0x00007ffed87f4000 	C:\WINDOWS\System32\profapi.dll
0x00007ffed8770000 - 0x00007ffed87cd000 	C:\WINDOWS\System32\powrprof.dll
0x00007ffedc640000 - 0x00007ffedc692000 	C:\WINDOWS\System32\shlwapi.dll
0x00007ffed8730000 - 0x00007ffed8741000 	C:\WINDOWS\System32\kernel.appcore.dll
0x00007ffed9200000 - 0x00007ffed9217000 	C:\WINDOWS\System32\cryptsp.dll
0x00007ffecef70000 - 0x00007ffecef8a000 	C:\Program Files\Java\jdk1.8.0_201\jre\bin\net.dll
0x00007ffec8480000 - 0x00007ffec8656000 	C:\WINDOWS\SYSTEM32\urlmon.dll
0x00007ffec8870000 - 0x00007ffec8b18000 	C:\WINDOWS\SYSTEM32\iertutil.dll
0x00007ffed8180000 - 0x00007ffed818c000 	C:\WINDOWS\SYSTEM32\CRYPTBASE.DLL
0x00007ffed7fb0000 - 0x00007ffed8017000 	C:\WINDOWS\system32\mswsock.dll
0x00007ffeced60000 - 0x00007ffeced71000 	C:\Program Files\Java\jdk1.8.0_201\jre\bin\nio.dll
0x00007ffeb6660000 - 0x00007ffeb66d2000 	C:\Users\hayde\AppData\Local\Temp\lwjglhayde\3.2.2-build-10\lwjgl.dll
0x00007ffeb6a20000 - 0x00007ffeb6a7e000 	C:\Users\hayde\AppData\Local\Temp\lwjglhayde\3.2.2-build-10\glfw.dll
0x00007ffed6cf0000 - 0x00007ffed6d8c000 	C:\WINDOWS\system32\uxtheme.dll
0x00007ffeca460000 - 0x00007ffeca4a4000 	C:\WINDOWS\SYSTEM32\dinput8.dll
0x00007ffeced40000 - 0x00007ffeced51000 	C:\WINDOWS\SYSTEM32\xinput1_4.dll
0x00007ffed8540000 - 0x00007ffed8569000 	C:\WINDOWS\SYSTEM32\DEVOBJ.dll
0x00007ffed6de0000 - 0x00007ffed6e0e000 	C:\WINDOWS\SYSTEM32\dwmapi.dll
0x00007ffed9380000 - 0x00007ffed955b000 	C:\WINDOWS\System32\CRYPT32.dll
0x00007ffed8750000 - 0x00007ffed8762000 	C:\WINDOWS\System32\MSASN1.dll
0x00007ffec9c90000 - 0x00007ffec9d5c000 	C:\WINDOWS\SYSTEM32\inputhost.dll
0x00007ffed63f0000 - 0x00007ffed64d2000 	C:\WINDOWS\SYSTEM32\CoreMessaging.dll
0x00007ffed3eb0000 - 0x00007ffed41d2000 	C:\WINDOWS\SYSTEM32\CoreUIComponents.dll
0x00007ffed5a20000 - 0x00007ffed5fde000 	C:\WINDOWS\SYSTEM32\d2d1.dll
0x00007ffed6ec0000 - 0x00007ffed70cd000 	C:\WINDOWS\SYSTEM32\twinapi.appcore.dll
0x00007ffed57a0000 - 0x00007ffed5a1e000 	C:\WINDOWS\SYSTEM32\d3d11.dll
0x00007ffed5110000 - 0x00007ffed52b8000 	C:\WINDOWS\SYSTEM32\PROPSYS.dll
0x00007ffed4440000 - 0x00007ffed4593000 	C:\WINDOWS\SYSTEM32\wintypes.dll
0x00007ffedaf00000 - 0x00007ffedafc4000 	C:\WINDOWS\System32\OLEAUT32.dll
0x00007ffed77d0000 - 0x00007ffed7801000 	C:\WINDOWS\SYSTEM32\ntmarta.dll
0x00007ffed7440000 - 0x00007ffed7502000 	C:\WINDOWS\SYSTEM32\dxgi.dll
0x00007ffed70d0000 - 0x00007ffed70f8000 	C:\WINDOWS\SYSTEM32\RMCLIENT.dll
0x00007ffedc420000 - 0x00007ffedc58a000 	C:\WINDOWS\System32\MSCTF.dll
0x00007ffed73e0000 - 0x00007ffed73ee000 	C:\WINDOWS\SYSTEM32\HID.DLL
0x00007ffedbfa0000 - 0x00007ffedc416000 	C:\WINDOWS\System32\SETUPAPI.DLL
0x00007ffed9930000 - 0x00007ffed9956000 	C:\WINDOWS\System32\bcrypt.dll
0x00007ffed9220000 - 0x00007ffed9279000 	C:\WINDOWS\System32\WINTRUST.dll
0x00007ffec8c90000 - 0x00007ffec8db7000 	C:\WINDOWS\SYSTEM32\opengl32.dll
0x00007ffed1f70000 - 0x00007ffed1f9c000 	C:\WINDOWS\SYSTEM32\GLU32.dll
0x00007ffe6f7a0000 - 0x00007ffe707af000 	C:\WINDOWS\System32\DriverStore\FileRepository\iigd_dch.inf_amd64_27edf49b9e5b5b9c\ig9icd64.dll
0x00007ffe89850000 - 0x00007ffe8bb3d000 	C:\WINDOWS\System32\DriverStore\FileRepository\iigd_dch.inf_amd64_27edf49b9e5b5b9c\igc64.dll
0x00007ffedb0f0000 - 0x00007ffedb245000 	C:\WINDOWS\System32\ole32.dll
0x00007ffecdb80000 - 0x00007ffecdc9d000 	C:\WINDOWS\System32\DriverStore\FileRepository\iigd_dch.inf_amd64_27edf49b9e5b5b9c\igdgmm64.dll
0x00007ffeb6530000 - 0x00007ffeb6588000 	C:\Users\hayde\AppData\Local\Temp\lwjglhayde\3.2.2-build-10\lwjgl_opengl.dll
0x00007ffec9d60000 - 0x00007ffec9df5000 	C:\WINDOWS\System32\TextInputFramework.dll
0x00007ffec4220000 - 0x00007ffec428c000 	C:\WINDOWS\system32\Oleacc.dll
0x00007ffeb6440000 - 0x00007ffeb64bf000 	C:\Users\hayde\AppData\Local\Temp\lwjglhayde\3.2.2-build-10\lwjgl_stb.dll
0x00007ffed4ea0000 - 0x00007ffed508d000 	C:\WINDOWS\SYSTEM32\dbghelp.dll

VM Arguments:
jvm_args: -Dfile.encoding=Cp1252 
java_command: io.github.hydos.ginger.Starter -Djava.security.auth.login.config==theconfig.config
java_class_path (initial): C:\Users\hayde\Desktop\dev\eclipse\ginger\target\classes;C:\Users\hayde\.m2\repository\org\lwjgl\lwjgl\3.2.2\lwjgl-3.2.2.jar;C:\Users\hayde\.m2\repository\org\lwjgl\lwjgl-assimp\3.2.2\lwjgl-assimp-3.2.2.jar;C:\Users\hayde\.m2\repository\org\lwjgl\lwjgl-bgfx\3.2.2\lwjgl-bgfx-3.2.2.jar;C:\Users\hayde\.m2\repository\org\lwjgl\lwjgl-glfw\3.2.2\lwjgl-glfw-3.2.2.jar;C:\Users\hayde\.m2\repository\org\lwjgl\lwjgl-nanovg\3.2.2\lwjgl-nanovg-3.2.2.jar;C:\Users\hayde\.m2\repository\org\lwjgl\lwjgl-nuklear\3.2.2\lwjgl-nuklear-3.2.2.jar;C:\Users\hayde\.m2\repository\org\lwjgl\lwjgl-openal\3.2.2\lwjgl-openal-3.2.2.jar;C:\Users\hayde\.m2\repository\org\lwjgl\lwjgl-opengl\3.2.2\lwjgl-opengl-3.2.2.jar;C:\Users\hayde\.m2\repository\org\lwjgl\lwjgl-openvr\3.2.2\lwjgl-openvr-3.2.2.jar;C:\Users\hayde\.m2\repository\org\lwjgl\lwjgl-par\3.2.2\lwjgl-par-3.2.2.jar;C:\Users\hayde\.m2\repository\org\lwjgl\lwjgl-stb\3.2.2\lwjgl-stb-3.2.2.jar;C:\Users\hayde\.m2\repository\org\lwjgl\lwjgl\3.2.2\lwjgl-3.2.2-natives-windows.jar;C:\Users\hayde\.m2\repository\org\lwjgl\lwjgl-assimp\3.2.2\lwjgl-assimp-3.2.2-natives-windows.jar;C:\Users\hayde\.m2\repository\org\lwjgl\lwjgl-bgfx\3.2.2\lwjgl-bgfx-3.2.2-natives-windows.jar;C:\Users\hayde\.m2\repository\org\lwjgl\lwjgl-glfw\3.2.2\lwjgl-glfw-3.2.2-natives-windows.jar;C:\Users\hayde\.m2\repository\org\lwjgl\lwjgl-nanovg\3.2.2\lwjgl-nanovg-3.2.2-natives-windows.jar;C:\Users\hayde\.m2\repository\org\lwjgl\lwjgl-nuklear\3.2.2\lwjgl-nuklear-3.2.2-natives-windows.jar;C:\Users\hayde\.m2\repository\org\lwjgl\lwjgl-openal\3.2.2\lwjgl-openal-3.2.2-natives-windows.jar;C:\Users\hayde\.m2\repository\org\lwjgl\lwjgl-opengl\3.2.2\lwjgl-opengl-3.2.2-natives-windows.jar;C:\Users\hayde\.m2\repository\org\lwjgl\lwjgl-openvr\3.2.2\lwjgl-openvr-3.2.2-natives-windows.jar;C:\Users\hayde\.m2\repository\org\lwjgl\lwjgl-par\3.2.2\lwjgl-par-3.2.2-natives-windows.jar;C:\Users\hayde\.m2\repository\org\lwjgl\lwjgl-stb\3.2.2\lwjgl-stb-3.2.2-natives-windows.ja
Launcher Type: SUN_STANDARD

Environment Variables:
JAVA_HOME=C:\Program Files\Java\jdk1.8.0_191
PATH=C:/Program Files/Java/jre1.8.0_191/bin/server;C:/Program Files/Java/jre1.8.0_191/bin;C:/Program Files/Java/jre1.8.0_191/lib/amd64;C:\gradle\bin;C:\Users\hayde\Desktop\diffutils\bin;C:\Nintendo3DS\Programs\Python\Lib\site-packages\PyQt4;C:\Program Files (x86)\Common Files\Oracle\Java\javapath;C:\Nintendo3DS\Programs\devkitPro\msys2\usr\bin;C:\Nintendo3DS\Programs\devkitARM\bin;C:\Nintendo3DS\Programs\Git\cmd;C:\Nintendo3DS\Programs\Python;C:\Nintendo3DS\Programs\Python\Scripts;C:\Nintendo3DS\Programs\MinGW\msys\1.0\bin;C:\WINDOWS\system32;C:\WINDOWS;C:\WINDOWS\System32\Wbem;C:\WINDOWS\System32\WindowsPowerShell\v1.0\;C:\WINDOWS\system32\config\systemprofile\AppData\Local\Microsoft\WindowsApps;C:\WINDOWS\system32;C:\WINDOWS;C:\WINDOWS\System32\Wbem;C:\WINDOWS\System32\WindowsPowerShell\v1.0\;C:\WINDOWS\System32\OpenSSH\;C:\Program Files\Nintendo\Nintendo Dev Interface;C:\Program Files\Java\jdk1.8.0_171\bin;C:\Users\hayde\AppData\Local\Programs\Python\Python36;C:\Program Files\PuTTY\;C:\Program Files (x86)\IVI Foundation\VISA\WinNT\Bin;C:\Program Files\nodejs\;C:\Program Files (x86)\Brackets\command;C:\ant\bin;C:\Program Files\dotnet\;C:\ProgramData\chocolatey\bin;C:\Users\hayde\AppData\Local\Programs\Python\Python36\Scripts\;C:\Users\hayde\AppData\Local\Programs\Python\Python36\;C:\Users\hayde\AppData\Local\Programs\Python\Python36-32\Scripts\;C:\Users\hayde\AppData\Local\Programs\Python\Python36-32\;C:\Users\hayde\AppData\Local\Microsoft\WindowsApps;C:\Users\hayde\AppData\Local\GitHubDesktop\bin;C:\maven\bin;C:\Program Files\Java\jdk1.8.0_171\bin;C:\Users\hayde\AppData\Local\Programs\Python\Python37\Scripts;C:\Users\hayde\AppData\Roaming\npm;C:\Program Files\JetBrains\PyCharm Community Edition 2019.1.1\bin;;C:\Program Files\JetBrains\PhpStorm 2019.1.1\bin;;C:\Users\hayde\AppData\Local\Microsoft\WindowsApps;C:\devkitPro\devkitARM\bin;;C:\Users\hayde\AppData\Local\Programs\Microsoft VS Code\bin;C:\WINDOWS\System32;
USERNAME=hayde
OS=Windows_NT
PROCESSOR_IDENTIFIER=Intel64 Family 6 Model 78 Stepping 3, GenuineIntel



---------------  S Y S T E M  ---------------

OS: Windows 10.0 , 64 bit Build 17763 (10.0.17763.437)

CPU:total 4 (initial active 4) (2 cores per cpu, 2 threads per core) family 6 model 78 stepping 3, cmov, cx8, fxsr, mmx, sse, sse2, sse3, ssse3, sse4.1, sse4.2, popcnt, avx, avx2, aes, clmul, erms, rtm, 3dnowpref, lzcnt, ht, tsc, tscinvbit, bmi1, bmi2, adx

Memory: 4k page, physical 8312096k(733164k free), swap 15650340k(3780748k free)

vm_info: Java HotSpot(TM) 64-Bit Server VM (25.201-b09) for windows-amd64 JRE (1.8.0_201-b09), built on Dec 15 2018 18:36:39 by "java_re" with MS VC++ 10.0 (VS2010)

time: Sun May 26 08:37:19 2019
timezone: E. Australia Standard Time
elapsed time: 2 seconds (0d 0h 0m 2s)

