#
# A fatal error has been detected by the Java Runtime Environment:
#
#  EXCEPTION_ACCESS_VIOLATION (0xc0000005) at pc=0x00007ffe8e967366, pid=78164, tid=0x0000000000012874
#
# JRE version: Java(TM) SE Runtime Environment (8.0_201-b09) (build 1.8.0_201-b09)
# Java VM: Java HotSpot(TM) 64-Bit Server VM (25.201-b09 mixed mode windows-amd64 compressed oops)
# Problematic frame:
# C  [ig9icd64.dll+0x157366]
#
# Failed to write core dump. Minidumps are not enabled by default on client versions of Windows
#
# If you would like to submit a bug report, please visit:
#   http://bugreport.java.com/bugreport/crash.jsp
# The crash happened outside the Java Virtual Machine in native code.
# See problematic frame for where to report the bug.
#

---------------  T H R E A D  ---------------

Current thread (0x0000000002c33800):  JavaThread "main" [_thread_in_native, id=75892, stack(0x0000000002a60000,0x0000000002b60000)]

siginfo: ExceptionCode=0xc0000005, reading address 0x000000002c494000

Registers:
RAX=0x000000000000601f, RBX=0x0000000002b5e550, RCX=0x0000000000000000, RDX=0x000000002c493fc0
RSP=0x0000000002b5e460, RBP=0x0000000002b5e5c0, RSI=0x000000002a8d0000, RDI=0x000000002abd0f80
R8 =0x0000000000400000, R9 =0x0000000000008000, R10=0x0000000000006020, R11=0x0000000023f58a24
R12=0x0000000000000000, R13=0x0000000002b5e6e0, R14=0x0000000000000400, R15=0x00000000000001c1
RIP=0x00007ffe8e967366, EFLAGS=0x0000000000010213

Top of Stack: (sp=0x0000000002b5e460)
0x0000000002b5e460:   00000000d8f95078 0000000000000000
0x0000000002b5e470:   00000000d8f95060 0000000000000000
0x0000000002b5e480:   000000002c193040 00007ffe8ed0795c
0x0000000002b5e490:   0000000002b5e640 000000002c193040
0x0000000002b5e4a0:   00007ffe8ed07600 0000000002b5e6e0
0x0000000002b5e4b0:   0000000000000000 00007ffe8ed0a2a3
0x0000000002b5e4c0:   0000000002b5e5c0 0000000002b5e6a0
0x0000000002b5e4d0:   000000002a8d0000 00007ffe8ed08910
0x0000000002b5e4e0:   400037c040000049 0000000000000001
0x0000000002b5e4f0:   000000002c193040 0000000000000000
0x0000000002b5e500:   0000000000000000 00007ffe8e83436b
0x0000000002b5e510:   0000000025d85400 0000000000000001
0x0000000002b5e520:   0000000001058c60 0000000000000001
0x0000000002b5e530:   0000000000000001 0000000000000000
0x0000000002b5e540:   0000000002b5e600 0000000024252d70
0x0000000002b5e550:   00007ffe8f375ca0 0000000023f3fd40 

Instructions: (pc=0x00007ffe8e967366)
0x00007ffe8e967346:   66 66 0f 1f 84 00 00 00 00 00 f3 0f 6f 3a 41 ff
0x00007ffe8e967356:   c2 f3 0f 6f 72 10 f3 0f 6f 6a 20 f3 0f 6f 62 30
0x00007ffe8e967366:   f3 0f 6f 5a 40 f3 0f 6f 52 50 f3 0f 6f 4a 60 f3
0x00007ffe8e967376:   0f 6f 42 70 48 83 ea 80 66 0f e7 3f 66 0f e7 77 


Register to memory mapping:

RAX=0x000000000000601f is an unknown value
RBX=0x0000000002b5e550 is pointing into the stack for thread: 0x0000000002c33800
RCX=0x0000000000000000 is an unknown value
RDX=0x000000002c493fc0 is an unknown value
RSP=0x0000000002b5e460 is pointing into the stack for thread: 0x0000000002c33800
RBP=0x0000000002b5e5c0 is pointing into the stack for thread: 0x0000000002c33800
RSI=0x000000002a8d0000 is an unknown value
RDI=0x000000002abd0f80 is an unknown value
R8 =0x0000000000400000 is an unknown value
R9 =0x0000000000008000 is an unknown value
R10=0x0000000000006020 is an unknown value
R11=0x0000000023f58a24 is an unknown value
R12=0x0000000000000000 is an unknown value
R13=0x0000000002b5e6e0 is pointing into the stack for thread: 0x0000000002c33800
R14=0x0000000000000400 is an unknown value
R15=0x00000000000001c1 is an unknown value


Stack: [0x0000000002a60000,0x0000000002b60000],  sp=0x0000000002b5e460,  free space=1017k
Native frames: (J=compiled Java code, j=interpreted, Vv=VM code, C=native code)
C  [ig9icd64.dll+0x157366]
C  [ig9icd64.dll+0x4f795c]
C  [ig9icd64.dll+0x4fa2a3]
C  [ig9icd64.dll+0x4ff938]
C  [ig9icd64.dll+0x39f3af]
C  [ig9icd64.dll+0x35aa9a]
C  [ig9icd64.dll+0x1b4428]
C  [ig9icd64.dll+0x1aa4a3]
C  [ig9icd64.dll+0x1a741d]
C  [ig9icd64.dll+0xecd03]
C  [opengl32.dll+0x2e014]
C  [lwjgl_opengl.dll+0xcab5]
C  0x0000000002d48c67

Java frames: (J=compiled Java code, j=interpreted, Vv=VM code)
j  org.lwjgl.opengl.GL11C.nglTexImage2D(IIIIIIIIJ)V+0
j  org.lwjgl.opengl.GL11C.glTexImage2D(IIIIIIIILjava/nio/ByteBuffer;)V+17
j  org.lwjgl.opengl.GL11.glTexImage2D(IIIIIIIILjava/nio/ByteBuffer;)V+14
j  io.github.hydos.ginger.renderEngine.texture.ModelTexture.<init>(Ljava/lang/String;)V+126
j  io.github.hydos.ginger.Example.main([Ljava/lang/String;)V+511
j  io.github.hydos.ginger.Starter.main([Ljava/lang/String;)V+8
v  ~StubRoutines::call_stub

---------------  P R O C E S S  ---------------

Java Threads: ( => current thread )
  0x0000000019859800 JavaThread "Java2D Disposer" daemon [_thread_blocked, id=75492, stack(0x0000000028f20000,0x0000000029020000)]
  0x000000001790d800 JavaThread "Service Thread" daemon [_thread_blocked, id=78508, stack(0x0000000019600000,0x0000000019700000)]
  0x0000000019110800 JavaThread "C1 CompilerThread2" daemon [_thread_blocked, id=39804, stack(0x0000000019500000,0x0000000019600000)]
  0x0000000017908000 JavaThread "C2 CompilerThread1" daemon [_thread_blocked, id=6560, stack(0x0000000019000000,0x0000000019100000)]
  0x00000000178ba800 JavaThread "C2 CompilerThread0" daemon [_thread_blocked, id=66076, stack(0x0000000018f00000,0x0000000019000000)]
  0x00000000178b8800 JavaThread "Attach Listener" daemon [_thread_blocked, id=74880, stack(0x0000000018e00000,0x0000000018f00000)]
  0x00000000178b5800 JavaThread "Signal Dispatcher" daemon [_thread_blocked, id=78480, stack(0x0000000018d00000,0x0000000018e00000)]
  0x0000000002d2c800 JavaThread "Finalizer" daemon [_thread_blocked, id=52260, stack(0x0000000018b00000,0x0000000018c00000)]
  0x0000000002d24000 JavaThread "Reference Handler" daemon [_thread_blocked, id=77064, stack(0x0000000018a00000,0x0000000018b00000)]
=>0x0000000002c33800 JavaThread "main" [_thread_in_native, id=75892, stack(0x0000000002a60000,0x0000000002b60000)]

Other Threads:
  0x0000000017877000 VMThread [stack: 0x0000000018900000,0x0000000018a00000] [id=78816]
  0x0000000019125800 WatcherThread [stack: 0x0000000019700000,0x0000000019800000] [id=26412]

VM state:not at safepoint (normal execution)

VM Mutex/Monitor currently owned by a thread: None

heap address: 0x0000000081200000, size: 2030 MB, Compressed Oops mode: 32-bit
Narrow klass base: 0x0000000000000000, Narrow klass shift: 3
Compressed class space size: 1073741824 Address: 0x0000000100000000

Heap:
 PSYoungGen      total 142336K, used 22762K [0x00000000d5b80000, 0x00000000df380000, 0x0000000100000000)
  eden space 132096K, 9% used [0x00000000d5b80000,0x00000000d6849288,0x00000000ddc80000)
  from space 10240K, 94% used [0x00000000de780000,0x00000000df0f16f0,0x00000000df180000)
  to   space 11264K, 0% used [0x00000000ddc80000,0x00000000ddc80000,0x00000000de780000)
 ParOldGen       total 87552K, used 8485K [0x0000000081200000, 0x0000000086780000, 0x00000000d5b80000)
  object space 87552K, 9% used [0x0000000081200000,0x0000000081a497a8,0x0000000086780000)
 Metaspace       used 10634K, capacity 10839K, committed 11008K, reserved 1058816K
  class space    used 933K, capacity 1007K, committed 1024K, reserved 1048576K

Card table byte_map: [0x00000000120f0000,0x00000000124f0000] byte_map_base: 0x0000000011ce7000

Marking Bits: (ParMarkBitMap*) 0x0000000054c84ce0
 Begin Bits: [0x0000000012ba0000, 0x0000000014b58000)
 End Bits:   [0x0000000014b58000, 0x0000000016b10000)

Polling page: 0x0000000000f50000

CodeCache: size=245760Kb used=3977Kb max_used=3994Kb free=241782Kb
 bounds [0x0000000002d30000, 0x0000000003120000, 0x0000000011d30000]
 total_blobs=1881 nmethods=957 adapters=837
 compilation: enabled

Compilation events (10 events):
Event: 4.591 Thread 0x0000000017908000 nmethod 929 0x00000000031128d0 code [0x0000000003112a60, 0x0000000003113758]
Event: 4.591 Thread 0x0000000017908000  930       4       java.lang.String::trim (77 bytes)
Event: 4.593 Thread 0x0000000017908000 nmethod 930 0x000000000310f7d0 code [0x000000000310f920, 0x000000000310fa38]
Event: 4.593 Thread 0x0000000017908000  933       4       java.lang.Integer::parseInt (7 bytes)
Event: 4.601 Thread 0x0000000017908000 nmethod 933 0x0000000003110850 code [0x00000000031109a0, 0x0000000003110e78]
Event: 4.601 Thread 0x0000000017908000  949       4       io.github.hydos.ginger.mathEngine.vectors.Vector3f::set (16 bytes)
Event: 4.601 Thread 0x0000000017908000 nmethod 949 0x00000000030f3dd0 code [0x00000000030f3f00, 0x00000000030f3f78]
Event: 4.601 Thread 0x0000000017908000  953       4       io.github.hydos.ginger.mathEngine.vectors.Vector::normalise (31 bytes)
Event: 4.602 Thread 0x0000000017908000 nmethod 953 0x000000000310ef90 code [0x000000000310f100, 0x000000000310f218]
Event: 4.611 Thread 0x00000000178ba800 nmethod 924 0x0000000003118f50 code [0x0000000003119260, 0x000000000311aa80]

GC Heap History (10 events):
Event: 2.650 GC heap before
{Heap before GC invocations=2 (full 0):
 PSYoungGen      total 38400K, used 38261K [0x00000000d5b80000, 0x00000000d8600000, 0x0000000100000000)
  eden space 33280K, 100% used [0x00000000d5b80000,0x00000000d7c00000,0x00000000d7c00000)
  from space 5120K, 97% used [0x00000000d7c00000,0x00000000d80dd540,0x00000000d8100000)
  to   space 5120K, 0% used [0x00000000d8100000,0x00000000d8100000,0x00000000d8600000)
 ParOldGen       total 87552K, used 16K [0x0000000081200000, 0x0000000086780000, 0x00000000d5b80000)
  object space 87552K, 0% used [0x0000000081200000,0x0000000081204000,0x0000000086780000)
 Metaspace       used 9147K, capacity 9427K, committed 9600K, reserved 1058816K
  class space    used 773K, capacity 877K, committed 896K, reserved 1048576K
Event: 2.657 GC heap after
Heap after GC invocations=2 (full 0):
 PSYoungGen      total 38400K, used 5100K [0x00000000d5b80000, 0x00000000da680000, 0x0000000100000000)
  eden space 33280K, 0% used [0x00000000d5b80000,0x00000000d5b80000,0x00000000d7c00000)
  from space 5120K, 99% used [0x00000000d8100000,0x00000000d85fb348,0x00000000d8600000)
  to   space 5120K, 0% used [0x00000000d7c00000,0x00000000d7c00000,0x00000000d8100000)
 ParOldGen       total 87552K, used 600K [0x0000000081200000, 0x0000000086780000, 0x00000000d5b80000)
  object space 87552K, 0% used [0x0000000081200000,0x0000000081296000,0x0000000086780000)
 Metaspace       used 9147K, capacity 9427K, committed 9600K, reserved 1058816K
  class space    used 773K, capacity 877K, committed 896K, reserved 1048576K
}
Event: 2.703 GC heap before
{Heap before GC invocations=3 (full 0):
 PSYoungGen      total 38400K, used 38380K [0x00000000d5b80000, 0x00000000da680000, 0x0000000100000000)
  eden space 33280K, 100% used [0x00000000d5b80000,0x00000000d7c00000,0x00000000d7c00000)
  from space 5120K, 99% used [0x00000000d8100000,0x00000000d85fb348,0x00000000d8600000)
  to   space 5120K, 0% used [0x00000000d7c00000,0x00000000d7c00000,0x00000000d8100000)
 ParOldGen       total 87552K, used 600K [0x0000000081200000, 0x0000000086780000, 0x00000000d5b80000)
  object space 87552K, 0% used [0x0000000081200000,0x0000000081296000,0x0000000086780000)
 Metaspace       used 9151K, capacity 9427K, committed 9600K, reserved 1058816K
  class space    used 773K, capacity 877K, committed 896K, reserved 1048576K
Event: 2.709 GC heap after
Heap after GC invocations=3 (full 0):
 PSYoungGen      total 38400K, used 5106K [0x00000000d5b80000, 0x00000000da680000, 0x0000000100000000)
  eden space 33280K, 0% used [0x00000000d5b80000,0x00000000d5b80000,0x00000000d7c00000)
  from space 5120K, 99% used [0x00000000d7c00000,0x00000000d80fc840,0x00000000d8100000)
  to   space 5120K, 0% used [0x00000000da180000,0x00000000da180000,0x00000000da680000)
 ParOldGen       total 87552K, used 1872K [0x0000000081200000, 0x0000000086780000, 0x00000000d5b80000)
  object space 87552K, 2% used [0x0000000081200000,0x00000000813d4000,0x0000000086780000)
 Metaspace       used 9151K, capacity 9427K, committed 9600K, reserved 1058816K
  class space    used 773K, capacity 877K, committed 896K, reserved 1048576K
}
Event: 2.771 GC heap before
{Heap before GC invocations=4 (full 0):
 PSYoungGen      total 38400K, used 38039K [0x00000000d5b80000, 0x00000000da680000, 0x0000000100000000)
  eden space 33280K, 98% used [0x00000000d5b80000,0x00000000d7ba9408,0x00000000d7c00000)
  from space 5120K, 99% used [0x00000000d7c00000,0x00000000d80fc840,0x00000000d8100000)
  to   space 5120K, 0% used [0x00000000da180000,0x00000000da180000,0x00000000da680000)
 ParOldGen       total 87552K, used 1872K [0x0000000081200000, 0x0000000086780000, 0x00000000d5b80000)
  object space 87552K, 2% used [0x0000000081200000,0x00000000813d4000,0x0000000086780000)
 Metaspace       used 9151K, capacity 9427K, committed 9600K, reserved 1058816K
  class space    used 773K, capacity 877K, committed 896K, reserved 1048576K
Event: 2.794 GC heap after
Heap after GC invocations=4 (full 0):
 PSYoungGen      total 71680K, used 5105K [0x00000000d5b80000, 0x00000000da680000, 0x0000000100000000)
  eden space 66560K, 0% used [0x00000000d5b80000,0x00000000d5b80000,0x00000000d9c80000)
  from space 5120K, 99% used [0x00000000da180000,0x00000000da67c6f0,0x00000000da680000)
  to   space 5120K, 0% used [0x00000000d9c80000,0x00000000d9c80000,0x00000000da180000)
 ParOldGen       total 87552K, used 3840K [0x0000000081200000, 0x0000000086780000, 0x00000000d5b80000)
  object space 87552K, 4% used [0x0000000081200000,0x00000000815c0000,0x0000000086780000)
 Metaspace       used 9151K, capacity 9427K, committed 9600K, reserved 1058816K
  class space    used 773K, capacity 877K, committed 896K, reserved 1048576K
}
Event: 2.928 GC heap before
{Heap before GC invocations=5 (full 0):
 PSYoungGen      total 71680K, used 71665K [0x00000000d5b80000, 0x00000000da680000, 0x0000000100000000)
  eden space 66560K, 100% used [0x00000000d5b80000,0x00000000d9c80000,0x00000000d9c80000)
  from space 5120K, 99% used [0x00000000da180000,0x00000000da67c6f0,0x00000000da680000)
  to   space 5120K, 0% used [0x00000000d9c80000,0x00000000d9c80000,0x00000000da180000)
 ParOldGen       total 87552K, used 3840K [0x0000000081200000, 0x0000000086780000, 0x00000000d5b80000)
  object space 87552K, 4% used [0x0000000081200000,0x00000000815c0000,0x0000000086780000)
 Metaspace       used 9151K, capacity 9427K, committed 9600K, reserved 1058816K
  class space    used 773K, capacity 877K, committed 896K, reserved 1048576K
Event: 3.027 GC heap after
Heap after GC invocations=5 (full 0):
 PSYoungGen      total 71680K, used 5096K [0x00000000d5b80000, 0x00000000df180000, 0x0000000100000000)
  eden space 66560K, 0% used [0x00000000d5b80000,0x00000000d5b80000,0x00000000d9c80000)
  from space 5120K, 99% used [0x00000000d9c80000,0x00000000da17a340,0x00000000da180000)
  to   space 10240K, 0% used [0x00000000de780000,0x00000000de780000,0x00000000df180000)
 ParOldGen       total 87552K, used 8485K [0x0000000081200000, 0x0000000086780000, 0x00000000d5b80000)
  object space 87552K, 9% used [0x0000000081200000,0x0000000081a497a8,0x0000000086780000)
 Metaspace       used 9151K, capacity 9427K, committed 9600K, reserved 1058816K
  class space    used 773K, capacity 877K, committed 896K, reserved 1048576K
}
Event: 4.460 GC heap before
{Heap before GC invocations=6 (full 0):
 PSYoungGen      total 71680K, used 71656K [0x00000000d5b80000, 0x00000000df180000, 0x0000000100000000)
  eden space 66560K, 100% used [0x00000000d5b80000,0x00000000d9c80000,0x00000000d9c80000)
  from space 5120K, 99% used [0x00000000d9c80000,0x00000000da17a340,0x00000000da180000)
  to   space 10240K, 0% used [0x00000000de780000,0x00000000de780000,0x00000000df180000)
 ParOldGen       total 87552K, used 8485K [0x0000000081200000, 0x0000000086780000, 0x00000000d5b80000)
  object space 87552K, 9% used [0x0000000081200000,0x0000000081a497a8,0x0000000086780000)
 Metaspace       used 10565K, capacity 10775K, committed 11008K, reserved 1058816K
  class space    used 928K, capacity 1007K, committed 1024K, reserved 1048576K
Event: 4.474 GC heap after
Heap after GC invocations=6 (full 0):
 PSYoungGen      total 142336K, used 9669K [0x00000000d5b80000, 0x00000000df380000, 0x0000000100000000)
  eden space 132096K, 0% used [0x00000000d5b80000,0x00000000d5b80000,0x00000000ddc80000)
  from space 10240K, 94% used [0x00000000de780000,0x00000000df0f16f0,0x00000000df180000)
  to   space 11264K, 0% used [0x00000000ddc80000,0x00000000ddc80000,0x00000000de780000)
 ParOldGen       total 87552K, used 8485K [0x0000000081200000, 0x0000000086780000, 0x00000000d5b80000)
  object space 87552K, 9% used [0x0000000081200000,0x0000000081a497a8,0x0000000086780000)
 Metaspace       used 10565K, capacity 10775K, committed 11008K, reserved 1058816K
  class space    used 928K, capacity 1007K, committed 1024K, reserved 1048576K
}

Deoptimization events (10 events):
Event: 2.530 Thread 0x0000000002c33800 Uncommon trap: reason=array_check action=maybe_recompile pc=0x0000000003056ae0 method=java.util.AbstractCollection.toArray([Ljava/lang/Object;)[Ljava/lang/Object; @ 119
Event: 2.530 Thread 0x0000000002c33800 Uncommon trap: reason=array_check action=maybe_recompile pc=0x0000000003056ae0 method=java.util.AbstractCollection.toArray([Ljava/lang/Object;)[Ljava/lang/Object; @ 119
Event: 3.137 Thread 0x0000000002c33800 Uncommon trap: reason=unstable_if action=reinterpret pc=0x0000000003087b00 method=io.github.hydos.ginger.obj.OBJFileLoader.removeUnusedVertices(Ljava/util/List;)V @ 13
Event: 3.239 Thread 0x0000000002c33800 Uncommon trap: reason=unstable_if action=reinterpret pc=0x000000000308f1e8 method=io.github.hydos.ginger.obj.OBJFileLoader.convertDataToArrays(Ljava/util/List;Ljava/util/List;Ljava/util/List;[F[F[F)F @ 14
Event: 3.253 Thread 0x0000000002c33800 Uncommon trap: reason=unstable_if action=reinterpret pc=0x0000000003094284 method=io.github.hydos.ginger.obj.OBJFileLoader.convertIndicesListToArray(Ljava/util/List;)[I @ 14
Event: 3.321 Thread 0x0000000002c33800 Uncommon trap: reason=unstable_if action=reinterpret pc=0x000000000304be74 method=sun.misc.FloatingDecimal.readJavaFormatString(Ljava/lang/String;)Lsun/misc/FloatingDecimal$ASCIIToBinaryConverter; @ 733
Event: 3.321 Thread 0x0000000002c33800 Uncommon trap: reason=unstable_if action=reinterpret pc=0x0000000003094c6c method=io.github.hydos.ginger.obj.OBJFileLoader.removeUnusedVertices(Ljava/util/List;)V @ 13
Event: 3.321 Thread 0x0000000002c33800 Uncommon trap: reason=unstable_if action=reinterpret pc=0x00000000030909a0 method=io.github.hydos.ginger.obj.OBJFileLoader.convertDataToArrays(Ljava/util/List;Ljava/util/List;Ljava/util/List;[F[F[F)F @ 14
Event: 3.321 Thread 0x0000000002c33800 Uncommon trap: reason=unstable_if action=reinterpret pc=0x000000000308e06c method=io.github.hydos.ginger.obj.OBJFileLoader.convertIndicesListToArray(Ljava/util/List;)[I @ 14
Event: 4.512 Thread 0x0000000002c33800 Uncommon trap: reason=unstable_if action=reinterpret pc=0x00000000030f16e0 method=io.github.hydos.ginger.terrain.Terrain.getHeight(IILjava/awt/image/BufferedImage;)F @ 21

Classes redefined (0 events):
No events

Internal exceptions (10 events):
Event: 0.561 Thread 0x0000000002c33800 Exception <a 'java/lang/NoSuchFieldError': method resolution failed> (0x00000000d5e35408) thrown at [C:\re\workspace\8-2-build-windows-amd64-cygwin\jdk8u201\12322\hotspot\src\share\vm\prims\methodHandles.cpp, line 1167]
Event: 0.565 Thread 0x0000000002c33800 Exception <a 'java/lang/NoSuchFieldError': method resolution failed> (0x00000000d5e42808) thrown at [C:\re\workspace\8-2-build-windows-amd64-cygwin\jdk8u201\12322\hotspot\src\share\vm\prims\methodHandles.cpp, line 1167]
Event: 0.660 Thread 0x0000000002c33800 Exception <a 'java/security/PrivilegedActionException'> (0x00000000d5f895b8) thrown at [C:\re\workspace\8-2-build-windows-amd64-cygwin\jdk8u201\12322\hotspot\src\share\vm\prims\jvm.cpp, line 1502]
Event: 0.660 Thread 0x0000000002c33800 Exception <a 'java/security/PrivilegedActionException'> (0x00000000d5f897c8) thrown at [C:\re\workspace\8-2-build-windows-amd64-cygwin\jdk8u201\12322\hotspot\src\share\vm\prims\jvm.cpp, line 1502]
Event: 0.661 Thread 0x0000000002c33800 Exception <a 'java/security/PrivilegedActionException'> (0x00000000d5f8d6d8) thrown at [C:\re\workspace\8-2-build-windows-amd64-cygwin\jdk8u201\12322\hotspot\src\share\vm\prims\jvm.cpp, line 1502]
Event: 0.661 Thread 0x0000000002c33800 Exception <a 'java/security/PrivilegedActionException'> (0x00000000d5f8d8e8) thrown at [C:\re\workspace\8-2-build-windows-amd64-cygwin\jdk8u201\12322\hotspot\src\share\vm\prims\jvm.cpp, line 1502]
Event: 1.317 Thread 0x0000000002c33800 Exception <a 'sun/nio/fs/WindowsException'> (0x00000000d6242410) thrown at [C:\re\workspace\8-2-build-windows-amd64-cygwin\jdk8u201\12322\hotspot\src\share\vm\prims\jni.cpp, line 709]
Event: 1.318 Thread 0x0000000002c33800 Exception <a 'sun/nio/fs/WindowsException'> (0x00000000d6242bf8) thrown at [C:\re\workspace\8-2-build-windows-amd64-cygwin\jdk8u201\12322\hotspot\src\share\vm\prims\jni.cpp, line 709]
Event: 2.468 Thread 0x0000000002c33800 Implicit null exception at 0x00000000030435da to 0x0000000003043d61
Event: 3.757 Thread 0x0000000002c33800 Exception <a 'java/io/FileNotFoundException'> (0x00000000d8fd3fa0) thrown at [C:\re\workspace\8-2-build-windows-amd64-cygwin\jdk8u201\12322\hotspot\src\share\vm\prims\jni.cpp, line 709]

Events (10 events):
Event: 4.553 loading class org/lwjgl/system/CallbackI
Event: 4.553 loading class org/lwjgl/system/CallbackI done
Event: 4.554 loading class io/github/hydos/ginger/guis/GuiTexture
Event: 4.554 loading class io/github/hydos/ginger/guis/GuiTexture done
Event: 4.558 loading class io/github/hydos/ginger/renderEngine/tools/MousePicker
Event: 4.558 loading class io/github/hydos/ginger/renderEngine/tools/MousePicker done
Event: 4.559 loading class io/github/hydos/ginger/normals/obj/NormalMappedObjLoader
Event: 4.559 loading class io/github/hydos/ginger/normals/obj/NormalMappedObjLoader done
Event: 4.561 loading class io/github/hydos/ginger/normals/obj/VertexNM
Event: 4.561 loading class io/github/hydos/ginger/normals/obj/VertexNM done


Dynamic libraries:
0x00007ff6a1680000 - 0x00007ff6a16b7000 	C:\Program Files\Java\jdk1.8.0_201\bin\javaw.exe
0x00007ffedc730000 - 0x00007ffedc91d000 	C:\WINDOWS\SYSTEM32\ntdll.dll
0x00007ffedb680000 - 0x00007ffedb733000 	C:\WINDOWS\System32\KERNEL32.DLL
0x00007ffed95e0000 - 0x00007ffed9873000 	C:\WINDOWS\System32\KERNELBASE.dll
0x00007ffed9960000 - 0x00007ffed9a03000 	C:\WINDOWS\System32\ADVAPI32.dll
0x00007ffedb430000 - 0x00007ffedb4ce000 	C:\WINDOWS\System32\msvcrt.dll
0x00007ffedafd0000 - 0x00007ffedb06e000 	C:\WINDOWS\System32\sechost.dll
0x00007ffedbc90000 - 0x00007ffedbdb2000 	C:\WINDOWS\System32\RPCRT4.dll
0x00007ffedb7c0000 - 0x00007ffedb957000 	C:\WINDOWS\System32\USER32.dll
0x00007ffed8800000 - 0x00007ffed8820000 	C:\WINDOWS\System32\win32u.dll
0x00007ffedbdc0000 - 0x00007ffedbde9000 	C:\WINDOWS\System32\GDI32.dll
0x00007ffed8820000 - 0x00007ffed89ba000 	C:\WINDOWS\System32\gdi32full.dll
0x00007ffed89c0000 - 0x00007ffed8a60000 	C:\WINDOWS\System32\msvcp_win.dll
0x00007ffed9280000 - 0x00007ffed937a000 	C:\WINDOWS\System32\ucrtbase.dll
0x00007ffec64f0000 - 0x00007ffec6769000 	C:\WINDOWS\WinSxS\amd64_microsoft.windows.common-controls_6595b64144ccf1df_6.0.17763.437_none_05b63dca071e5dd6\COMCTL32.dll
0x00007ffedb960000 - 0x00007ffedbc8c000 	C:\WINDOWS\System32\combase.dll
0x00007ffed9560000 - 0x00007ffed95de000 	C:\WINDOWS\System32\bcryptPrimitives.dll
0x00007ffedb2b0000 - 0x00007ffedb2de000 	C:\WINDOWS\System32\IMM32.DLL
0x0000000054d10000 - 0x0000000054de1000 	C:\Program Files\Java\jdk1.8.0_201\jre\bin\msvcr100.dll
0x0000000054460000 - 0x0000000054d04000 	C:\Program Files\Java\jdk1.8.0_201\jre\bin\server\jvm.dll
0x00007ffedb3b0000 - 0x00007ffedb3b8000 	C:\WINDOWS\System32\PSAPI.DLL
0x00007ffec3050000 - 0x00007ffec3059000 	C:\WINDOWS\SYSTEM32\WSOCK32.dll
0x00007ffedb600000 - 0x00007ffedb66d000 	C:\WINDOWS\System32\WS2_32.dll
0x00007ffed68b0000 - 0x00007ffed68d4000 	C:\WINDOWS\SYSTEM32\WINMM.dll
0x00007ffed6850000 - 0x00007ffed687d000 	C:\WINDOWS\SYSTEM32\WINMMBASE.dll
0x00007ffed91b0000 - 0x00007ffed91fa000 	C:\WINDOWS\System32\cfgmgr32.dll
0x00007ffeca990000 - 0x00007ffeca99a000 	C:\WINDOWS\SYSTEM32\VERSION.dll
0x00007ffed6500000 - 0x00007ffed650f000 	C:\Program Files\Java\jdk1.8.0_201\jre\bin\verify.dll
0x00007ffed2560000 - 0x00007ffed2589000 	C:\Program Files\Java\jdk1.8.0_201\jre\bin\java.dll
0x00007ffed30d0000 - 0x00007ffed30e6000 	C:\Program Files\Java\jdk1.8.0_201\jre\bin\zip.dll
0x00007ffed9a10000 - 0x00007ffedaf00000 	C:\WINDOWS\System32\SHELL32.dll
0x00007ffedb2e0000 - 0x00007ffedb388000 	C:\WINDOWS\System32\shcore.dll
0x00007ffed8a60000 - 0x00007ffed91aa000 	C:\WINDOWS\System32\windows.storage.dll
0x00007ffed87d0000 - 0x00007ffed87f4000 	C:\WINDOWS\System32\profapi.dll
0x00007ffed8770000 - 0x00007ffed87cd000 	C:\WINDOWS\System32\powrprof.dll
0x00007ffedc640000 - 0x00007ffedc692000 	C:\WINDOWS\System32\shlwapi.dll
0x00007ffed8730000 - 0x00007ffed8741000 	C:\WINDOWS\System32\kernel.appcore.dll
0x00007ffed9200000 - 0x00007ffed9217000 	C:\WINDOWS\System32\cryptsp.dll
0x00007ffed0e70000 - 0x00007ffed0e8a000 	C:\Program Files\Java\jdk1.8.0_201\jre\bin\net.dll
0x00007ffec8480000 - 0x00007ffec8656000 	C:\WINDOWS\SYSTEM32\urlmon.dll
0x00007ffec8870000 - 0x00007ffec8b18000 	C:\WINDOWS\SYSTEM32\iertutil.dll
0x00007ffed8180000 - 0x00007ffed818c000 	C:\WINDOWS\SYSTEM32\CRYPTBASE.DLL
0x00007ffed7fb0000 - 0x00007ffed8017000 	C:\WINDOWS\system32\mswsock.dll
0x00007ffed0e50000 - 0x00007ffed0e61000 	C:\Program Files\Java\jdk1.8.0_201\jre\bin\nio.dll
0x00007ffecffc0000 - 0x00007ffed0032000 	C:\Users\hayde\AppData\Local\Temp\lwjglhayde\3.2.2-build-10\lwjgl.dll
0x00007ffecf540000 - 0x00007ffecf59e000 	C:\Users\hayde\AppData\Local\Temp\lwjglhayde\3.2.2-build-10\glfw.dll
0x00007ffed6cf0000 - 0x00007ffed6d8c000 	C:\WINDOWS\system32\uxtheme.dll
0x00007ffecf4f0000 - 0x00007ffecf534000 	C:\WINDOWS\SYSTEM32\dinput8.dll
0x00007ffed0e10000 - 0x00007ffed0e21000 	C:\WINDOWS\SYSTEM32\xinput1_4.dll
0x00007ffed8540000 - 0x00007ffed8569000 	C:\WINDOWS\SYSTEM32\DEVOBJ.dll
0x00007ffed6de0000 - 0x00007ffed6e0e000 	C:\WINDOWS\SYSTEM32\dwmapi.dll
0x00007ffed9380000 - 0x00007ffed955b000 	C:\WINDOWS\System32\CRYPT32.dll
0x00007ffed8750000 - 0x00007ffed8762000 	C:\WINDOWS\System32\MSASN1.dll
0x00007ffec9c90000 - 0x00007ffec9d5c000 	C:\WINDOWS\SYSTEM32\inputhost.dll
0x00007ffed63f0000 - 0x00007ffed64d2000 	C:\WINDOWS\SYSTEM32\CoreMessaging.dll
0x00007ffed6ec0000 - 0x00007ffed70cd000 	C:\WINDOWS\SYSTEM32\twinapi.appcore.dll
0x00007ffed3eb0000 - 0x00007ffed41d2000 	C:\WINDOWS\SYSTEM32\CoreUIComponents.dll
0x00007ffed5a20000 - 0x00007ffed5fde000 	C:\WINDOWS\SYSTEM32\d2d1.dll
0x00007ffed5110000 - 0x00007ffed52b8000 	C:\WINDOWS\SYSTEM32\PROPSYS.dll
0x00007ffed57a0000 - 0x00007ffed5a1e000 	C:\WINDOWS\SYSTEM32\d3d11.dll
0x00007ffedaf00000 - 0x00007ffedafc4000 	C:\WINDOWS\System32\OLEAUT32.dll
0x00007ffed70d0000 - 0x00007ffed70f8000 	C:\WINDOWS\SYSTEM32\RMCLIENT.dll
0x00007ffed4440000 - 0x00007ffed4593000 	C:\WINDOWS\SYSTEM32\wintypes.dll
0x00007ffed77d0000 - 0x00007ffed7801000 	C:\WINDOWS\SYSTEM32\ntmarta.dll
0x00007ffed7440000 - 0x00007ffed7502000 	C:\WINDOWS\SYSTEM32\dxgi.dll
0x00007ffedc420000 - 0x00007ffedc58a000 	C:\WINDOWS\System32\MSCTF.dll
0x00007ffed73e0000 - 0x00007ffed73ee000 	C:\WINDOWS\SYSTEM32\HID.DLL
0x00007ffedbfa0000 - 0x00007ffedc416000 	C:\WINDOWS\System32\SETUPAPI.DLL
0x00007ffed9930000 - 0x00007ffed9956000 	C:\WINDOWS\System32\bcrypt.dll
0x00007ffed9220000 - 0x00007ffed9279000 	C:\WINDOWS\System32\WINTRUST.dll
0x00007ffec8c90000 - 0x00007ffec8db7000 	C:\WINDOWS\SYSTEM32\opengl32.dll
0x00007ffed1f70000 - 0x00007ffed1f9c000 	C:\WINDOWS\SYSTEM32\GLU32.dll
0x00007ffe8e810000 - 0x00007ffe8f81f000 	C:\WINDOWS\System32\DriverStore\FileRepository\iigd_dch.inf_amd64_27edf49b9e5b5b9c\ig9icd64.dll
0x00007ffe89850000 - 0x00007ffe8bb3d000 	C:\WINDOWS\System32\DriverStore\FileRepository\iigd_dch.inf_amd64_27edf49b9e5b5b9c\igc64.dll
0x00007ffedb0f0000 - 0x00007ffedb245000 	C:\WINDOWS\System32\ole32.dll
0x00007ffecdb80000 - 0x00007ffecdc9d000 	C:\WINDOWS\System32\DriverStore\FileRepository\iigd_dch.inf_amd64_27edf49b9e5b5b9c\igdgmm64.dll
0x00007ffecf490000 - 0x00007ffecf4e8000 	C:\Users\hayde\AppData\Local\Temp\lwjglhayde\3.2.2-build-10\lwjgl_opengl.dll
0x00007ffec9d60000 - 0x00007ffec9df5000 	C:\WINDOWS\System32\TextInputFramework.dll
0x00007ffec4220000 - 0x00007ffec428c000 	C:\WINDOWS\system32\Oleacc.dll
0x00007ffecf410000 - 0x00007ffecf48f000 	C:\Users\hayde\AppData\Local\Temp\lwjglhayde\3.2.2-build-10\lwjgl_stb.dll
0x00007ffea08d0000 - 0x00007ffea0a69000 	C:\Program Files\Java\jdk1.8.0_201\jre\bin\awt.dll
0x00007ffed69c0000 - 0x00007ffed6a4c000 	C:\WINDOWS\SYSTEM32\apphelp.dll
0x00007ffed7b70000 - 0x00007ffed7ba3000 	C:\WINDOWS\system32\rsaenh.dll
0x00007ffed8630000 - 0x00007ffed8658000 	C:\WINDOWS\SYSTEM32\USERENV.dll
0x00007ffed7d10000 - 0x00007ffed7d4d000 	C:\WINDOWS\SYSTEM32\IPHLPAPI.DLL
0x00007ffedb670000 - 0x00007ffedb678000 	C:\WINDOWS\System32\NSI.dll
0x00007ffecc160000 - 0x00007ffecc176000 	C:\WINDOWS\SYSTEM32\dhcpcsvc6.DLL
0x00007ffecc0c0000 - 0x00007ffecc0dc000 	C:\WINDOWS\SYSTEM32\dhcpcsvc.DLL
0x00007ffed7d50000 - 0x00007ffed7e16000 	C:\WINDOWS\SYSTEM32\DNSAPI.dll
0x00007ffed4ea0000 - 0x00007ffed508d000 	C:\WINDOWS\SYSTEM32\dbghelp.dll

VM Arguments:
jvm_args: -Dfile.encoding=Cp1252 
java_command: io.github.hydos.ginger.Starter -Djava.security.auth.login.config==theconfig.config
java_class_path (initial): C:\Users\hayde\Desktop\dev\eclipse\ginger\target\classes;C:\Users\hayde\.m2\repository\org\lwjgl\lwjgl\3.2.2\lwjgl-3.2.2.jar;C:\Users\hayde\.m2\repository\org\lwjgl\lwjgl-assimp\3.2.2\lwjgl-assimp-3.2.2.jar;C:\Users\hayde\.m2\repository\org\lwjgl\lwjgl-bgfx\3.2.2\lwjgl-bgfx-3.2.2.jar;C:\Users\hayde\.m2\repository\org\lwjgl\lwjgl-glfw\3.2.2\lwjgl-glfw-3.2.2.jar;C:\Users\hayde\.m2\repository\org\lwjgl\lwjgl-nanovg\3.2.2\lwjgl-nanovg-3.2.2.jar;C:\Users\hayde\.m2\repository\org\lwjgl\lwjgl-nuklear\3.2.2\lwjgl-nuklear-3.2.2.jar;C:\Users\hayde\.m2\repository\org\lwjgl\lwjgl-openal\3.2.2\lwjgl-openal-3.2.2.jar;C:\Users\hayde\.m2\repository\org\lwjgl\lwjgl-opengl\3.2.2\lwjgl-opengl-3.2.2.jar;C:\Users\hayde\.m2\repository\org\lwjgl\lwjgl-openvr\3.2.2\lwjgl-openvr-3.2.2.jar;C:\Users\hayde\.m2\repository\org\lwjgl\lwjgl-par\3.2.2\lwjgl-par-3.2.2.jar;C:\Users\hayde\.m2\repository\org\lwjgl\lwjgl-stb\3.2.2\lwjgl-stb-3.2.2.jar;C:\Users\hayde\.m2\repository\org\lwjgl\lwjgl\3.2.2\lwjgl-3.2.2-natives-windows.jar;C:\Users\hayde\.m2\repository\org\lwjgl\lwjgl-assimp\3.2.2\lwjgl-assimp-3.2.2-natives-windows.jar;C:\Users\hayde\.m2\repository\org\lwjgl\lwjgl-bgfx\3.2.2\lwjgl-bgfx-3.2.2-natives-windows.jar;C:\Users\hayde\.m2\repository\org\lwjgl\lwjgl-glfw\3.2.2\lwjgl-glfw-3.2.2-natives-windows.jar;C:\Users\hayde\.m2\repository\org\lwjgl\lwjgl-nanovg\3.2.2\lwjgl-nanovg-3.2.2-natives-windows.jar;C:\Users\hayde\.m2\repository\org\lwjgl\lwjgl-nuklear\3.2.2\lwjgl-nuklear-3.2.2-natives-windows.jar;C:\Users\hayde\.m2\repository\org\lwjgl\lwjgl-openal\3.2.2\lwjgl-openal-3.2.2-natives-windows.jar;C:\Users\hayde\.m2\repository\org\lwjgl\lwjgl-opengl\3.2.2\lwjgl-opengl-3.2.2-natives-windows.jar;C:\Users\hayde\.m2\repository\org\lwjgl\lwjgl-openvr\3.2.2\lwjgl-openvr-3.2.2-natives-windows.jar;C:\Users\hayde\.m2\repository\org\lwjgl\lwjgl-par\3.2.2\lwjgl-par-3.2.2-natives-windows.jar;C:\Users\hayde\.m2\repository\org\lwjgl\lwjgl-stb\3.2.2\lwjgl-stb-3.2.2-natives-windows.ja
Launcher Type: SUN_STANDARD

Environment Variables:
JAVA_HOME=C:\Program Files\Java\jdk1.8.0_191
PATH=C:/Program Files/Java/jre1.8.0_191/bin/server;C:/Program Files/Java/jre1.8.0_191/bin;C:/Program Files/Java/jre1.8.0_191/lib/amd64;C:\gradle\bin;C:\Users\hayde\Desktop\diffutils\bin;C:\Nintendo3DS\Programs\Python\Lib\site-packages\PyQt4;C:\Program Files (x86)\Common Files\Oracle\Java\javapath;C:\Nintendo3DS\Programs\devkitPro\msys2\usr\bin;C:\Nintendo3DS\Programs\devkitARM\bin;C:\Nintendo3DS\Programs\Git\cmd;C:\Nintendo3DS\Programs\Python;C:\Nintendo3DS\Programs\Python\Scripts;C:\Nintendo3DS\Programs\MinGW\msys\1.0\bin;C:\WINDOWS\system32;C:\WINDOWS;C:\WINDOWS\System32\Wbem;C:\WINDOWS\System32\WindowsPowerShell\v1.0\;C:\WINDOWS\system32\config\systemprofile\AppData\Local\Microsoft\WindowsApps;C:\WINDOWS\system32;C:\WINDOWS;C:\WINDOWS\System32\Wbem;C:\WINDOWS\System32\WindowsPowerShell\v1.0\;C:\WINDOWS\System32\OpenSSH\;C:\Program Files\Nintendo\Nintendo Dev Interface;C:\Program Files\Java\jdk1.8.0_171\bin;C:\Users\hayde\AppData\Local\Programs\Python\Python36;C:\Program Files\PuTTY\;C:\Program Files (x86)\IVI Foundation\VISA\WinNT\Bin;C:\Program Files\nodejs\;C:\Program Files (x86)\Brackets\command;C:\ant\bin;C:\Program Files\dotnet\;C:\ProgramData\chocolatey\bin;C:\Users\hayde\AppData\Local\Programs\Python\Python36\Scripts\;C:\Users\hayde\AppData\Local\Programs\Python\Python36\;C:\Users\hayde\AppData\Local\Programs\Python\Python36-32\Scripts\;C:\Users\hayde\AppData\Local\Programs\Python\Python36-32\;C:\Users\hayde\AppData\Local\Microsoft\WindowsApps;C:\Users\hayde\AppData\Local\GitHubDesktop\bin;C:\maven\bin;C:\Program Files\Java\jdk1.8.0_171\bin;C:\Users\hayde\AppData\Local\Programs\Python\Python37\Scripts;C:\Users\hayde\AppData\Roaming\npm;C:\Program Files\JetBrains\PyCharm Community Edition 2019.1.1\bin;;C:\Program Files\JetBrains\PhpStorm 2019.1.1\bin;;C:\Users\hayde\AppData\Local\Microsoft\WindowsApps;C:\devkitPro\devkitARM\bin;;C:\Users\hayde\AppData\Local\Programs\Microsoft VS Code\bin;C:\WINDOWS\System32;
USERNAME=hayde
OS=Windows_NT
PROCESSOR_IDENTIFIER=Intel64 Family 6 Model 78 Stepping 3, GenuineIntel



---------------  S Y S T E M  ---------------

OS: Windows 10.0 , 64 bit Build 17763 (10.0.17763.437)

CPU:total 4 (initial active 4) (2 cores per cpu, 2 threads per core) family 6 model 78 stepping 3, cmov, cx8, fxsr, mmx, sse, sse2, sse3, ssse3, sse4.1, sse4.2, popcnt, avx, avx2, aes, clmul, erms, rtm, 3dnowpref, lzcnt, ht, tsc, tscinvbit, bmi1, bmi2, adx

Memory: 4k page, physical 8312096k(1067908k free), swap 16147768k(3517324k free)

vm_info: Java HotSpot(TM) 64-Bit Server VM (25.201-b09) for windows-amd64 JRE (1.8.0_201-b09), built on Dec 15 2018 18:36:39 by "java_re" with MS VC++ 10.0 (VS2010)

time: Sun May 26 15:43:39 2019
timezone: E. Australia Standard Time
elapsed time: 5 seconds (0d 0h 0m 5s)

